[debug] [2023-02-14T12:35:33.408Z] ----------------------------------------------------------------------
[debug] [2023-02-14T12:35:33.412Z] Command:       C:\Program Files\nodejs\node.exe C:\Users\Raji\AppData\Roaming\npm\node_modules\firebase-tools\lib\bin\firebase.js login
[debug] [2023-02-14T12:35:33.414Z] CLI Version:   11.23.0
[debug] [2023-02-14T12:35:33.414Z] Platform:      win32
[debug] [2023-02-14T12:35:33.414Z] Node Version:  v18.12.0
[debug] [2023-02-14T12:35:33.416Z] Time:          Tue Feb 14 2023 18:05:33 GMT+0530 (India Standard Time)
[debug] [2023-02-14T12:35:33.417Z] ----------------------------------------------------------------------
[debug] 
[debug] [2023-02-14T12:35:33.435Z] >>> [apiv2][query] GET https://firebase-public.firebaseio.com/cli.json [none]
[info] i  Firebase optionally collects CLI and Emulator Suite usage and error reporting information to help improve our products. Data is collected in accordance with Google's privacy policy (https://policies.google.com/privacy) and is not used to identify you.
 
[info] i  To change your data collection preference at any time, run `firebase logout` and log in again. 
[info] 
[info] Visit this URL on this device to log in:
[info] https://accounts.google.com/o/oauth2/auth?client_id=563584335869-fgrhgmd47bqnekij5i8b5pr03ho849e6.apps.googleusercontent.com&scope=email%20openid%20https%3A%2F%2Fwww.googleapis.com%2Fauth%2Fcloudplatformprojects.readonly%20https%3A%2F%2Fwww.googleapis.com%2Fauth%2Ffirebase%20https%3A%2F%2Fwww.googleapis.com%2Fauth%2Fcloud-platform&response_type=code&state=631075064&redirect_uri=http%3A%2F%2Flocalhost%3A9005
[info] 
[info] Waiting for authentication...
[debug] [2023-02-14T12:35:33.677Z] Error: spawn cmd ENOENT
    at ChildProcess._handle.onexit (node:internal/child_process:283:19)
    at onErrorNT (node:internal/child_process:476:16)
    at process.processTicksAndRejections (node:internal/process/task_queues:82:21)
[error] 
[error] Error: An unexpected error has occurred.
[debug] [2023-02-14T12:35:58.737Z] ----------------------------------------------------------------------
[debug] [2023-02-14T12:35:58.742Z] Command:       C:\Program Files\nodejs\node.exe C:\Users\Raji\AppData\Roaming\npm\node_modules\firebase-tools\lib\bin\firebase.js login
[debug] [2023-02-14T12:35:58.743Z] CLI Version:   11.23.0
[debug] [2023-02-14T12:35:58.743Z] Platform:      win32
[debug] [2023-02-14T12:35:58.744Z] Node Version:  v18.12.0
[debug] [2023-02-14T12:35:58.745Z] Time:          Tue Feb 14 2023 18:05:58 GMT+0530 (India Standard Time)
[debug] [2023-02-14T12:35:58.746Z] ----------------------------------------------------------------------
[debug] 
[debug] [2023-02-14T12:35:58.754Z] >>> [apiv2][query] GET https://firebase-public.firebaseio.com/cli.json [none]
[info] i  Firebase optionally collects CLI and Emulator Suite usage and error reporting information to help improve our products. Data is collected in accordance with Google's privacy policy (https://policies.google.com/privacy) and is not used to identify you.
 
[debug] [2023-02-14T12:35:59.624Z] <<< [apiv2][status] GET https://firebase-public.firebaseio.com/cli.json 200
[debug] [2023-02-14T12:35:59.626Z] <<< [apiv2][body] GET https://firebase-public.firebaseio.com/cli.json {"cloudBuildErrorAfter":1594252800000,"cloudBuildWarnAfter":1590019200000,"defaultNode10After":1594252800000,"minVersion":"3.0.5","node8DeploysDisabledAfter":1613390400000,"node8RuntimeDisabledAfter":1615809600000,"node8WarnAfter":1600128000000}
[info] i  To change your data collection preference at any time, run `firebase logout` and log in again. 
[info] 
[info] Visit this URL on this device to log in:
[info] https://accounts.google.com/o/oauth2/auth?client_id=563584335869-fgrhgmd47bqnekij5i8b5pr03ho849e6.apps.googleusercontent.com&scope=email%20openid%20https%3A%2F%2Fwww.googleapis.com%2Fauth%2Fcloudplatformprojects.readonly%20https%3A%2F%2Fwww.googleapis.com%2Fauth%2Ffirebase%20https%3A%2F%2Fwww.googleapis.com%2Fauth%2Fcloud-platform&response_type=code&state=61779698&redirect_uri=http%3A%2F%2Flocalhost%3A9005
[info] 
[info] Waiting for authentication...
[debug] [2023-02-14T12:36:02.679Z] Error: spawn cmd ENOENT
    at ChildProcess._handle.onexit (node:internal/child_process:283:19)
    at onErrorNT (node:internal/child_process:476:16)
    at process.processTicksAndRejections (node:internal/process/task_queues:82:21)
[error] 
[error] Error: An unexpected error has occurred.
